2025/09/16 09:53:39 [notice] 1#1: using the "epoll" event method
2025/09/16 09:53:39 [notice] 1#1: nginx/1.29.1
2025/09/16 09:53:39 [notice] 1#1: built by gcc 12.2.0 (Debian 12.2.0-14+deb12u1) 
2025/09/16 09:53:39 [notice] 1#1: OS: Linux 6.1.0-38-amd64
2025/09/16 09:53:39 [notice] 1#1: getrlimit(RLIMIT_NOFILE): 1048576:1048576
2025/09/16 09:53:39 [notice] 1#1: start worker processes
2025/09/16 09:53:39 [notice] 1#1: start worker process 28
2025/09/16 09:53:39 [notice] 1#1: start worker process 29
2025/09/16 09:53:39 [notice] 1#1: start worker process 30
2025/09/16 09:53:39 [notice] 1#1: start worker process 31
2025/09/16 09:56:13 [notice] 1#1: signal 3 (SIGQUIT) received, shutting down
2025/09/16 09:56:13 [notice] 29#29: gracefully shutting down
2025/09/16 09:56:13 [notice] 28#28: gracefully shutting down
2025/09/16 09:56:13 [notice] 30#30: gracefully shutting down
2025/09/16 09:56:13 [notice] 28#28: exiting
2025/09/16 09:56:13 [notice] 30#30: exiting
2025/09/16 09:56:13 [notice] 29#29: exiting
2025/09/16 09:56:13 [notice] 31#31: gracefully shutting down
2025/09/16 09:56:13 [notice] 31#31: exiting
2025/09/16 09:56:13 [notice] 30#30: exit
2025/09/16 09:56:13 [notice] 31#31: exit
2025/09/16 09:56:13 [notice] 28#28: exit
2025/09/16 09:56:13 [notice] 29#29: exit
2025/09/16 09:56:13 [notice] 1#1: signal 17 (SIGCHLD) received from 28
2025/09/16 09:56:13 [notice] 1#1: worker process 28 exited with code 0
2025/09/16 09:56:13 [notice] 1#1: worker process 29 exited with code 0
2025/09/16 09:56:13 [notice] 1#1: worker process 30 exited with code 0
2025/09/16 09:56:13 [notice] 1#1: signal 29 (SIGIO) received
2025/09/16 09:56:13 [notice] 1#1: signal 17 (SIGCHLD) received from 30
2025/09/16 09:56:13 [notice] 1#1: signal 17 (SIGCHLD) received from 31
2025/09/16 09:56:13 [notice] 1#1: worker process 31 exited with code 0
2025/09/16 09:56:13 [notice] 1#1: exit
2025/09/16 10:02:18 [notice] 1#1: using the "epoll" event method
2025/09/16 10:02:18 [notice] 1#1: nginx/1.29.1
2025/09/16 10:02:18 [notice] 1#1: built by gcc 12.2.0 (Debian 12.2.0-14+deb12u1) 
2025/09/16 10:02:18 [notice] 1#1: OS: Linux 6.1.0-38-amd64
2025/09/16 10:02:18 [notice] 1#1: getrlimit(RLIMIT_NOFILE): 1048576:1048576
2025/09/16 10:02:18 [notice] 1#1: start worker processes
2025/09/16 10:02:18 [notice] 1#1: start worker process 28
2025/09/16 10:02:18 [notice] 1#1: start worker process 29
2025/09/16 10:02:18 [notice] 1#1: start worker process 30
2025/09/16 10:02:18 [notice] 1#1: start worker process 31
2025/09/16 10:02:36 [notice] 1#1: signal 3 (SIGQUIT) received, shutting down
2025/09/16 10:02:36 [notice] 28#28: gracefully shutting down
2025/09/16 10:02:36 [notice] 30#30: gracefully shutting down
2025/09/16 10:02:36 [notice] 29#29: gracefully shutting down
2025/09/16 10:02:36 [notice] 31#31: gracefully shutting down
2025/09/16 10:02:36 [notice] 28#28: exiting
2025/09/16 10:02:36 [notice] 30#30: exiting
2025/09/16 10:02:36 [notice] 29#29: exiting
2025/09/16 10:02:36 [notice] 31#31: exiting
2025/09/16 10:02:36 [notice] 29#29: exit
2025/09/16 10:02:36 [notice] 30#30: exit
2025/09/16 10:02:36 [notice] 28#28: exit
2025/09/16 10:02:36 [notice] 31#31: exit
2025/09/16 10:02:36 [notice] 1#1: signal 17 (SIGCHLD) received from 29
2025/09/16 10:02:36 [notice] 1#1: worker process 29 exited with code 0
2025/09/16 10:02:36 [notice] 1#1: signal 29 (SIGIO) received
2025/09/16 10:02:36 [notice] 1#1: signal 17 (SIGCHLD) received from 28
2025/09/16 10:02:36 [notice] 1#1: worker process 28 exited with code 0
2025/09/16 10:02:36 [notice] 1#1: signal 29 (SIGIO) received
2025/09/16 10:02:36 [notice] 1#1: signal 17 (SIGCHLD) received from 30
2025/09/16 10:02:36 [notice] 1#1: worker process 30 exited with code 0
2025/09/16 10:02:36 [notice] 1#1: signal 29 (SIGIO) received
2025/09/16 10:02:36 [notice] 1#1: signal 17 (SIGCHLD) received from 31
2025/09/16 10:02:36 [notice] 1#1: worker process 31 exited with code 0
2025/09/16 10:02:36 [notice] 1#1: exit
2025/09/16 10:03:34 [notice] 1#1: using the "epoll" event method
2025/09/16 10:03:34 [notice] 1#1: nginx/1.29.1
2025/09/16 10:03:34 [notice] 1#1: built by gcc 12.2.0 (Debian 12.2.0-14+deb12u1) 
2025/09/16 10:03:34 [notice] 1#1: OS: Linux 6.1.0-38-amd64
2025/09/16 10:03:34 [notice] 1#1: getrlimit(RLIMIT_NOFILE): 1048576:1048576
2025/09/16 10:03:34 [notice] 1#1: start worker processes
2025/09/16 10:03:34 [notice] 1#1: start worker process 29
2025/09/16 10:03:34 [notice] 1#1: start worker process 30
2025/09/16 10:03:34 [notice] 1#1: start worker process 31
2025/09/16 10:03:34 [notice] 1#1: start worker process 32
2025/09/16 12:20:32 [notice] 1#1: signal 3 (SIGQUIT) received, shutting down
2025/09/16 12:20:32 [notice] 30#30: gracefully shutting down
2025/09/16 12:20:32 [notice] 32#32: gracefully shutting down
2025/09/16 12:20:32 [notice] 32#32: exiting
2025/09/16 12:20:32 [notice] 30#30: exiting
2025/09/16 12:20:32 [notice] 29#29: gracefully shutting down
2025/09/16 12:20:32 [notice] 29#29: exiting
2025/09/16 12:20:32 [notice] 31#31: gracefully shutting down
2025/09/16 12:20:32 [notice] 31#31: exiting
2025/09/16 12:20:32 [notice] 31#31: exit
2025/09/16 12:20:32 [notice] 29#29: exit
2025/09/16 12:20:32 [notice] 32#32: exit
2025/09/16 12:20:32 [notice] 30#30: exit
2025/09/16 12:20:32 [notice] 1#1: signal 17 (SIGCHLD) received from 31
2025/09/16 12:20:32 [notice] 1#1: worker process 30 exited with code 0
2025/09/16 12:20:32 [notice] 1#1: worker process 31 exited with code 0
2025/09/16 12:20:32 [notice] 1#1: worker process 32 exited with code 0
2025/09/16 12:20:32 [notice] 1#1: signal 29 (SIGIO) received
2025/09/16 12:20:32 [notice] 1#1: signal 17 (SIGCHLD) received from 32
2025/09/16 12:20:32 [notice] 1#1: signal 17 (SIGCHLD) received from 29
2025/09/16 12:20:32 [notice] 1#1: worker process 29 exited with code 0
2025/09/16 12:20:32 [notice] 1#1: exit
2025/09/16 12:21:29 [notice] 1#1: using the "epoll" event method
2025/09/16 12:21:29 [notice] 1#1: nginx/1.29.1
2025/09/16 12:21:29 [notice] 1#1: built by gcc 12.2.0 (Debian 12.2.0-14+deb12u1) 
2025/09/16 12:21:29 [notice] 1#1: OS: Linux 6.1.0-38-amd64
2025/09/16 12:21:29 [notice] 1#1: getrlimit(RLIMIT_NOFILE): 1048576:1048576
2025/09/16 12:21:29 [notice] 1#1: start worker processes
2025/09/16 12:21:29 [notice] 1#1: start worker process 29
2025/09/16 12:21:29 [notice] 1#1: start worker process 30
2025/09/16 12:21:29 [notice] 1#1: start worker process 31
2025/09/16 12:21:29 [notice] 1#1: start worker process 32
2025/09/16 12:31:11 [notice] 1#1: signal 3 (SIGQUIT) received, shutting down
2025/09/16 12:31:11 [notice] 30#30: gracefully shutting down
2025/09/16 12:31:11 [notice] 29#29: gracefully shutting down
2025/09/16 12:31:11 [notice] 30#30: exiting
2025/09/16 12:31:11 [notice] 29#29: exiting
2025/09/16 12:31:11 [notice] 30#30: exit
2025/09/16 12:31:11 [notice] 29#29: exit
2025/09/16 12:31:11 [notice] 31#31: gracefully shutting down
2025/09/16 12:31:11 [notice] 31#31: exiting
2025/09/16 12:31:11 [notice] 31#31: exit
2025/09/16 12:31:11 [notice] 32#32: gracefully shutting down
2025/09/16 12:31:11 [notice] 32#32: exiting
2025/09/16 12:31:11 [notice] 32#32: exit
2025/09/16 12:31:11 [notice] 1#1: signal 17 (SIGCHLD) received from 29
2025/09/16 12:31:11 [notice] 1#1: worker process 29 exited with code 0
2025/09/16 12:31:11 [notice] 1#1: worker process 31 exited with code 0
2025/09/16 12:31:11 [notice] 1#1: signal 29 (SIGIO) received
2025/09/16 12:31:11 [notice] 1#1: signal 17 (SIGCHLD) received from 31
2025/09/16 12:31:11 [notice] 1#1: signal 17 (SIGCHLD) received from 30
2025/09/16 12:31:11 [notice] 1#1: worker process 30 exited with code 0
2025/09/16 12:31:11 [notice] 1#1: signal 29 (SIGIO) received
2025/09/16 12:31:11 [notice] 1#1: signal 17 (SIGCHLD) received from 32
2025/09/16 12:31:11 [notice] 1#1: worker process 32 exited with code 0
2025/09/16 12:31:11 [notice] 1#1: exit
